SF:/Volumes/CodeVault/myHustle/bonsai/packages/bonsai_core/lib/src/models.dart
DA:25,2
DA:40,2
DA:58,2
DA:69,1
DA:70,1
DA:82,2
DA:83,2
DA:102,2
DA:106,7
DA:107,2
DA:109,2
DA:111,2
DA:112,8
DA:114,10
DA:116,8
DA:119,4
DA:120,6
DA:121,2
DA:123,2
DA:127,2
DA:131,6
DA:133,2
DA:134,4
DA:135,1
DA:139,4
DA:140,2
DA:144,4
DA:145,0
DA:150,2
DA:157,1
DA:158,3
DA:166,1
DA:171,1
DA:172,1
DA:173,2
DA:174,2
DA:175,2
DA:176,2
DA:177,2
DA:178,2
DA:179,2
DA:180,2
LF:42
LH:41
end_of_record
SF:/Volumes/CodeVault/myHustle/bonsai/packages/bonsai_core/lib/src/parser.dart
DA:13,1
DA:15,2
DA:16,1
DA:18,1
DA:20,2
DA:23,1
DA:29,1
DA:30,1
DA:32,1
DA:35,1
DA:36,1
DA:38,1
DA:39,1
DA:41,1
DA:43,1
DA:44,1
DA:45,1
DA:46,1
DA:47,1
DA:48,1
LF:20
LH:20
end_of_record
SF:/Volumes/CodeVault/myHustle/bonsai/packages/bonsai_core/lib/src/visitor.dart
DA:20,2
DA:21,2
DA:24,2
DA:25,2
DA:27,2
DA:28,2
DA:30,2
DA:31,2
DA:33,1
DA:34,1
DA:36,1
DA:37,1
DA:39,2
DA:40,2
DA:42,2
DA:43,2
DA:45,2
DA:46,2
DA:48,2
DA:50,6
DA:51,2
DA:52,2
DA:53,2
DA:54,2
DA:55,2
DA:56,2
DA:57,2
DA:59,1
DA:63,1
DA:65,1
DA:66,4
DA:67,1
DA:68,1
DA:69,2
DA:70,1
DA:71,1
DA:72,1
DA:75,1
DA:78,2
DA:79,1
DA:80,2
DA:84,1
DA:85,2
DA:86,6
DA:87,2
DA:91,1
DA:94,2
DA:96,4
DA:98,9
DA:99,1
DA:100,2
DA:101,1
DA:102,1
DA:103,1
DA:106,1
DA:109,2
DA:110,1
DA:111,2
DA:115,4
DA:116,3
DA:117,4
DA:118,2
DA:119,1
DA:121,1
DA:124,1
DA:130,2
DA:131,2
DA:132,2
DA:133,12
DA:134,2
DA:138,2
DA:141,6
DA:143,4
DA:145,4
DA:147,8
DA:149,2
DA:150,14
DA:152,2
DA:154,2
DA:156,1
DA:157,1
DA:159,1
DA:160,1
DA:162,1
DA:164,1
DA:166,1
DA:168,1
LF:87
LH:87
end_of_record
SF:/Volumes/CodeVault/myHustle/bonsai/packages/bonsai_core/lib/src/subtree.dart
DA:6,3
DA:7,3
DA:8,3
DA:9,3
DA:15,3
DA:16,3
DA:19,3
DA:20,3
DA:22,3
DA:23,3
DA:25,3
DA:26,3
DA:28,1
DA:29,1
DA:31,1
DA:32,1
DA:34,3
DA:35,3
DA:37,3
DA:38,3
DA:40,3
DA:41,3
DA:43,2
DA:45,8
DA:46,10
DA:47,4
DA:49,2
DA:52,2
DA:54,4
DA:55,10
DA:56,2
DA:58,2
LF:32
LH:32
end_of_record
SF:/Volumes/CodeVault/myHustle/bonsai/packages/bonsai_core/lib/src/composability.dart
DA:36,3
DA:37,6
DA:41,9
DA:42,3
DA:45,3
LF:5
LH:5
end_of_record
SF:/Volumes/CodeVault/myHustle/bonsai/packages/bonsai_core/lib/src/context_detector.dart
DA:15,3
DA:17,6
DA:19,10
DA:21,2
DA:23,6
DA:24,2
DA:25,2
DA:26,2
DA:27,2
DA:28,2
DA:29,2
DA:30,2
DA:32,1
DA:36,1
DA:38,1
DA:39,2
DA:40,1
DA:41,2
DA:45,1
DA:48,2
DA:50,2
DA:51,4
DA:52,4
DA:54,5
DA:55,3
DA:58,4
DA:59,2
DA:61,2
DA:62,2
DA:68,2
DA:69,1
DA:71,1
DA:72,1
DA:77,10
DA:78,2
DA:79,1
DA:80,2
DA:85,2
LF:38
LH:38
end_of_record
